The system is: Linux - 5.0.0-15-generic - x86_64
Compiling the C compiler identification source file "CMakeCCompilerId.c" succeeded.
Compiler: /usr/bin/cc 
Build flags: 
Id flags:  

The output was:
0


Compilation of the C compiler identification source "CMakeCCompilerId.c" produced "a.out"

The C compiler identification is GNU, found in "/home/thecxhacker/Desktop/cpp17_workspace/ch04_smart_pointers/unique_ptr_example/cmake-build-debug/CMakeFiles/3.14.3/CompilerIdC/a.out"

Compiling the CXX compiler identification source file "CMakeCXXCompilerId.cpp" succeeded.
Compiler: /usr/bin/c++ 
Build flags: 
Id flags:  

The output was:
0


Compilation of the CXX compiler identification source "CMakeCXXCompilerId.cpp" produced "a.out"

The CXX compiler identification is GNU, found in "/home/thecxhacker/Desktop/cpp17_workspace/ch04_smart_pointers/unique_ptr_example/cmake-build-debug/CMakeFiles/3.14.3/CompilerIdCXX/a.out"

Determining if the C compiler works passed with the following output:
Change Dir: /home/thecxhacker/Desktop/cpp17_workspace/ch04_smart_pointers/unique_ptr_example/cmake-build-debug/CMakeFiles/CMakeTmp

Run Build Command(s):/usr/bin/make cmTC_2e57a/fast 
/usr/bin/make -f CMakeFiles/cmTC_2e57a.dir/build.make CMakeFiles/cmTC_2e57a.dir/build
make[1]: Entering directory '/home/thecxhacker/Desktop/cpp17_workspace/ch04_smart_pointers/unique_ptr_example/cmake-build-debug/CMakeFiles/CMakeTmp'
Building C object CMakeFiles/cmTC_2e57a.dir/testCCompiler.c.o
/usr/bin/cc    -o CMakeFiles/cmTC_2e57a.dir/testCCompiler.c.o   -c /home/thecxhacker/Desktop/cpp17_workspace/ch04_smart_pointers/unique_ptr_example/cmake-build-debug/CMakeFiles/CMakeTmp/testCCompiler.c
Linking C executable cmTC_2e57a
/home/thecxhacker/.local/share/JetBrains/Toolbox/apps/CLion/ch-0/191.7141.37/bin/cmake/linux/bin/cmake -E cmake_link_script CMakeFiles/cmTC_2e57a.dir/link.txt --verbose=1
/usr/bin/cc      CMakeFiles/cmTC_2e57a.dir/testCCompiler.c.o  -o cmTC_2e57a 
make[1]: Leaving directory '/home/thecxhacker/Desktop/cpp17_workspace/ch04_smart_pointers/unique_ptr_example/cmake-build-debug/CMakeFiles/CMakeTmp'


Detecting C compiler ABI info compiled with the following output:
Change Dir: /home/thecxhacker/Desktop/cpp17_workspace/ch04_smart_pointers/unique_ptr_example/cmake-build-debug/CMakeFiles/CMakeTmp

Run Build Command(s):/usr/bin/make cmTC_d97fb/fast 
/usr/bin/make -f CMakeFiles/cmTC_d97fb.dir/build.make CMakeFiles/cmTC_d97fb.dir/build
make[1]: Entering directory '/home/thecxhacker/Desktop/cpp17_workspace/ch04_smart_pointers/unique_ptr_example/cmake-build-debug/CMakeFiles/CMakeTmp'
Building C object CMakeFiles/cmTC_d97fb.dir/CMakeCCompilerABI.c.o
/usr/bin/cc   -v -o CMakeFiles/cmTC_d97fb.dir/CMakeCCompilerABI.c.o   -c /home/thecxhacker/.local/share/JetBrains/Toolbox/apps/CLion/ch-0/191.7141.37/bin/cmake/linux/share/cmake-3.14/Modules/CMakeCCompilerABI.c
Using built-in specs.
COLLECT_GCC=/usr/bin/cc
Target: x86_64-pc-linux-gnu
Configured with: ../configure --prefix=/usr --disable-multilib --disable-libmpx --enable-languages=c,c++,fortran,go,objc,obj-c++
Thread model: posix
gcc version 9.1.0 (GCC) 
COLLECT_GCC_OPTIONS='-v' '-o' 'CMakeFiles/cmTC_d97fb.dir/CMakeCCompilerABI.c.o' '-c' '-mtune=generic' '-march=x86-64'
 /usr/libexec/gcc/x86_64-pc-linux-gnu/9.1.0/cc1 -quiet -v -imultiarch x86_64-linux-gnu /home/thecxhacker/.local/share/JetBrains/Toolbox/apps/CLion/ch-0/191.7141.37/bin/cmake/linux/share/cmake-3.14/Modules/CMakeCCompilerABI.c -quiet -dumpbase CMakeCCompilerABI.c -mtune=generic -march=x86-64 -auxbase-strip CMakeFiles/cmTC_d97fb.dir/CMakeCCompilerABI.c.o -version -o /tmp/ccPUh8x2.s
GNU C17 (GCC) version 9.1.0 (x86_64-pc-linux-gnu)
	compiled by GNU C version 9.1.0, GMP version 6.1.0, MPFR version 3.1.4, MPC version 1.0.3, isl version isl-0.18-GMP

GGC heuristics: --param ggc-min-expand=100 --param ggc-min-heapsize=131072
ignoring nonexistent directory "/usr/local/include/x86_64-linux-gnu"
ignoring nonexistent directory "/usr/lib/gcc/x86_64-pc-linux-gnu/9.1.0/../../../../x86_64-pc-linux-gnu/include"
#include "..." search starts here:
#include <...> search starts here:
 /usr/lib/gcc/x86_64-pc-linux-gnu/9.1.0/include
 /usr/local/include
 /usr/lib/gcc/x86_64-pc-linux-gnu/9.1.0/include-fixed
 /usr/include/x86_64-linux-gnu
 /usr/include
End of search list.
GNU C17 (GCC) version 9.1.0 (x86_64-pc-linux-gnu)
	compiled by GNU C version 9.1.0, GMP version 6.1.0, MPFR version 3.1.4, MPC version 1.0.3, isl version isl-0.18-GMP

GGC heuristics: --param ggc-min-expand=100 --param ggc-min-heapsize=131072
Compiler executable checksum: fa7beed0a928a4d721b38b13b3c37f89
COLLECT_GCC_OPTIONS='-v' '-o' 'CMakeFiles/cmTC_d97fb.dir/CMakeCCompilerABI.c.o' '-c' '-mtune=generic' '-march=x86-64'
 as -v --64 -o CMakeFiles/cmTC_d97fb.dir/CMakeCCompilerABI.c.o /tmp/ccPUh8x2.s
GNU assembler version 2.32 (x86_64-linux-gnu) using BFD version (GNU Binutils for Ubuntu) 2.32
COMPILER_PATH=/usr/libexec/gcc/x86_64-pc-linux-gnu/9.1.0/:/usr/libexec/gcc/x86_64-pc-linux-gnu/9.1.0/:/usr/libexec/gcc/x86_64-pc-linux-gnu/:/usr/lib/gcc/x86_64-pc-linux-gnu/9.1.0/:/usr/lib/gcc/x86_64-pc-linux-gnu/
LIBRARY_PATH=/usr/lib/gcc/x86_64-pc-linux-gnu/9.1.0/:/usr/lib/gcc/x86_64-pc-linux-gnu/9.1.0/../../../x86_64-linux-gnu/:/usr/lib/gcc/x86_64-pc-linux-gnu/9.1.0/../../../../lib64/:/lib/x86_64-linux-gnu/:/lib/../lib64/:/usr/lib/x86_64-linux-gnu/:/usr/lib/../lib64/:/usr/lib/gcc/x86_64-pc-linux-gnu/9.1.0/../../../:/lib/:/usr/lib/
COLLECT_GCC_OPTIONS='-v' '-o' 'CMakeFiles/cmTC_d97fb.dir/CMakeCCompilerABI.c.o' '-c' '-mtune=generic' '-march=x86-64'
Linking C executable cmTC_d97fb
/home/thecxhacker/.local/share/JetBrains/Toolbox/apps/CLion/ch-0/191.7141.37/bin/cmake/linux/bin/cmake -E cmake_link_script CMakeFiles/cmTC_d97fb.dir/link.txt --verbose=1
/usr/bin/cc     -v CMakeFiles/cmTC_d97fb.dir/CMakeCCompilerABI.c.o  -o cmTC_d97fb 
Using built-in specs.
COLLECT_GCC=/usr/bin/cc
COLLECT_LTO_WRAPPER=/usr/libexec/gcc/x86_64-pc-linux-gnu/9.1.0/lto-wrapper
Target: x86_64-pc-linux-gnu
Configured with: ../configure --prefix=/usr --disable-multilib --disable-libmpx --enable-languages=c,c++,fortran,go,objc,obj-c++
Thread model: posix
gcc version 9.1.0 (GCC) 
COMPILER_PATH=/usr/libexec/gcc/x86_64-pc-linux-gnu/9.1.0/:/usr/libexec/gcc/x86_64-pc-linux-gnu/9.1.0/:/usr/libexec/gcc/x86_64-pc-linux-gnu/:/usr/lib/gcc/x86_64-pc-linux-gnu/9.1.0/:/usr/lib/gcc/x86_64-pc-linux-gnu/
LIBRARY_PATH=/usr/lib/gcc/x86_64-pc-linux-gnu/9.1.0/:/usr/lib/gcc/x86_64-pc-linux-gnu/9.1.0/../../../x86_64-linux-gnu/:/usr/lib/gcc/x86_64-pc-linux-gnu/9.1.0/../../../../lib64/:/lib/x86_64-linux-gnu/:/lib/../lib64/:/usr/lib/x86_64-linux-gnu/:/usr/lib/../lib64/:/usr/lib/gcc/x86_64-pc-linux-gnu/9.1.0/../../../:/lib/:/usr/lib/
COLLECT_GCC_OPTIONS='-v' '-o' 'cmTC_d97fb' '-mtune=generic' '-march=x86-64'
 /usr/libexec/gcc/x86_64-pc-linux-gnu/9.1.0/collect2 -plugin /usr/libexec/gcc/x86_64-pc-linux-gnu/9.1.0/liblto_plugin.so -plugin-opt=/usr/libexec/gcc/x86_64-pc-linux-gnu/9.1.0/lto-wrapper -plugin-opt=-fresolution=/tmp/ccP1bkab.res -plugin-opt=-pass-through=-lgcc -plugin-opt=-pass-through=-lgcc_s -plugin-opt=-pass-through=-lc -plugin-opt=-pass-through=-lgcc -plugin-opt=-pass-through=-lgcc_s --eh-frame-hdr -m elf_x86_64 -dynamic-linker /lib64/ld-linux-x86-64.so.2 -o cmTC_d97fb /usr/lib/gcc/x86_64-pc-linux-gnu/9.1.0/../../../x86_64-linux-gnu/crt1.o /usr/lib/gcc/x86_64-pc-linux-gnu/9.1.0/../../../x86_64-linux-gnu/crti.o /usr/lib/gcc/x86_64-pc-linux-gnu/9.1.0/crtbegin.o -L/usr/lib/gcc/x86_64-pc-linux-gnu/9.1.0 -L/usr/lib/gcc/x86_64-pc-linux-gnu/9.1.0/../../../x86_64-linux-gnu -L/usr/lib/gcc/x86_64-pc-linux-gnu/9.1.0/../../../../lib64 -L/lib/x86_64-linux-gnu -L/lib/../lib64 -L/usr/lib/x86_64-linux-gnu -L/usr/lib/../lib64 -L/usr/lib/gcc/x86_64-pc-linux-gnu/9.1.0/../../.. CMakeFiles/cmTC_d97fb.dir/CMakeCCompilerABI.c.o -lgcc --push-state --as-needed -lgcc_s --pop-state -lc -lgcc --push-state --as-needed -lgcc_s --pop-state /usr/lib/gcc/x86_64-pc-linux-gnu/9.1.0/crtend.o /usr/lib/gcc/x86_64-pc-linux-gnu/9.1.0/../../../x86_64-linux-gnu/crtn.o
COLLECT_GCC_OPTIONS='-v' '-o' 'cmTC_d97fb' '-mtune=generic' '-march=x86-64'
make[1]: Leaving directory '/home/thecxhacker/Desktop/cpp17_workspace/ch04_smart_pointers/unique_ptr_example/cmake-build-debug/CMakeFiles/CMakeTmp'


Parsed C implicit include dir info from above output: rv=done
  found start of include info
  found start of implicit include info
    add: [/usr/lib/gcc/x86_64-pc-linux-gnu/9.1.0/include]
    add: [/usr/local/include]
    add: [/usr/lib/gcc/x86_64-pc-linux-gnu/9.1.0/include-fixed]
    add: [/usr/include/x86_64-linux-gnu]
    add: [/usr/include]
  end of search list found
  collapse include dir [/usr/lib/gcc/x86_64-pc-linux-gnu/9.1.0/include] ==> [/usr/lib/gcc/x86_64-pc-linux-gnu/9.1.0/include]
  collapse include dir [/usr/local/include] ==> [/usr/local/include]
  collapse include dir [/usr/lib/gcc/x86_64-pc-linux-gnu/9.1.0/include-fixed] ==> [/usr/lib/gcc/x86_64-pc-linux-gnu/9.1.0/include-fixed]
  collapse include dir [/usr/include/x86_64-linux-gnu] ==> [/usr/include/x86_64-linux-gnu]
  collapse include dir [/usr/include] ==> [/usr/include]
  implicit include dirs: [/usr/lib/gcc/x86_64-pc-linux-gnu/9.1.0/include;/usr/local/include;/usr/lib/gcc/x86_64-pc-linux-gnu/9.1.0/include-fixed;/usr/include/x86_64-linux-gnu;/usr/include]


Parsed C implicit link information from above output:
  link line regex: [^( *|.*[/\])(ld|CMAKE_LINK_STARTFILE-NOTFOUND|([^/\]+-)?ld|collect2)[^/\]*( |$)]
  ignore line: [Change Dir: /home/thecxhacker/Desktop/cpp17_workspace/ch04_smart_pointers/unique_ptr_example/cmake-build-debug/CMakeFiles/CMakeTmp]
  ignore line: []
  ignore line: [Run Build Command(s):/usr/bin/make cmTC_d97fb/fast ]
  ignore line: [/usr/bin/make -f CMakeFiles/cmTC_d97fb.dir/build.make CMakeFiles/cmTC_d97fb.dir/build]
  ignore line: [make[1]: Entering directory '/home/thecxhacker/Desktop/cpp17_workspace/ch04_smart_pointers/unique_ptr_example/cmake-build-debug/CMakeFiles/CMakeTmp']
  ignore line: [Building C object CMakeFiles/cmTC_d97fb.dir/CMakeCCompilerABI.c.o]
  ignore line: [/usr/bin/cc   -v -o CMakeFiles/cmTC_d97fb.dir/CMakeCCompilerABI.c.o   -c /home/thecxhacker/.local/share/JetBrains/Toolbox/apps/CLion/ch-0/191.7141.37/bin/cmake/linux/share/cmake-3.14/Modules/CMakeCCompilerABI.c]
  ignore line: [Using built-in specs.]
  ignore line: [COLLECT_GCC=/usr/bin/cc]
  ignore line: [Target: x86_64-pc-linux-gnu]
  ignore line: [Configured with: ../configure --prefix=/usr --disable-multilib --disable-libmpx --enable-languages=c,c++,fortran,go,objc,obj-c++]
  ignore line: [Thread model: posix]
  ignore line: [gcc version 9.1.0 (GCC) ]
  ignore line: [COLLECT_GCC_OPTIONS='-v' '-o' 'CMakeFiles/cmTC_d97fb.dir/CMakeCCompilerABI.c.o' '-c' '-mtune=generic' '-march=x86-64']
  ignore line: [ /usr/libexec/gcc/x86_64-pc-linux-gnu/9.1.0/cc1 -quiet -v -imultiarch x86_64-linux-gnu /home/thecxhacker/.local/share/JetBrains/Toolbox/apps/CLion/ch-0/191.7141.37/bin/cmake/linux/share/cmake-3.14/Modules/CMakeCCompilerABI.c -quiet -dumpbase CMakeCCompilerABI.c -mtune=generic -march=x86-64 -auxbase-strip CMakeFiles/cmTC_d97fb.dir/CMakeCCompilerABI.c.o -version -o /tmp/ccPUh8x2.s]
  ignore line: [GNU C17 (GCC) version 9.1.0 (x86_64-pc-linux-gnu)]
  ignore line: [	compiled by GNU C version 9.1.0, GMP version 6.1.0, MPFR version 3.1.4, MPC version 1.0.3, isl version isl-0.18-GMP]
  ignore line: []
  ignore line: [GGC heuristics: --param ggc-min-expand=100 --param ggc-min-heapsize=131072]
  ignore line: [ignoring nonexistent directory "/usr/local/include/x86_64-linux-gnu"]
  ignore line: [ignoring nonexistent directory "/usr/lib/gcc/x86_64-pc-linux-gnu/9.1.0/../../../../x86_64-pc-linux-gnu/include"]
  ignore line: [#include "..." search starts here:]
  ignore line: [#include <...> search starts here:]
  ignore line: [ /usr/lib/gcc/x86_64-pc-linux-gnu/9.1.0/include]
  ignore line: [ /usr/local/include]
  ignore line: [ /usr/lib/gcc/x86_64-pc-linux-gnu/9.1.0/include-fixed]
  ignore line: [ /usr/include/x86_64-linux-gnu]
  ignore line: [ /usr/include]
  ignore line: [End of search list.]
  ignore line: [GNU C17 (GCC) version 9.1.0 (x86_64-pc-linux-gnu)]
  ignore line: [	compiled by GNU C version 9.1.0, GMP version 6.1.0, MPFR version 3.1.4, MPC version 1.0.3, isl version isl-0.18-GMP]
  ignore line: []
  ignore line: [GGC heuristics: --param ggc-min-expand=100 --param ggc-min-heapsize=131072]
  ignore line: [Compiler executable checksum: fa7beed0a928a4d721b38b13b3c37f89]
  ignore line: [COLLECT_GCC_OPTIONS='-v' '-o' 'CMakeFiles/cmTC_d97fb.dir/CMakeCCompilerABI.c.o' '-c' '-mtune=generic' '-march=x86-64']
  ignore line: [ as -v --64 -o CMakeFiles/cmTC_d97fb.dir/CMakeCCompilerABI.c.o /tmp/ccPUh8x2.s]
  ignore line: [GNU assembler version 2.32 (x86_64-linux-gnu) using BFD version (GNU Binutils for Ubuntu) 2.32]
  ignore line: [COMPILER_PATH=/usr/libexec/gcc/x86_64-pc-linux-gnu/9.1.0/:/usr/libexec/gcc/x86_64-pc-linux-gnu/9.1.0/:/usr/libexec/gcc/x86_64-pc-linux-gnu/:/usr/lib/gcc/x86_64-pc-linux-gnu/9.1.0/:/usr/lib/gcc/x86_64-pc-linux-gnu/]
  ignore line: [LIBRARY_PATH=/usr/lib/gcc/x86_64-pc-linux-gnu/9.1.0/:/usr/lib/gcc/x86_64-pc-linux-gnu/9.1.0/../../../x86_64-linux-gnu/:/usr/lib/gcc/x86_64-pc-linux-gnu/9.1.0/../../../../lib64/:/lib/x86_64-linux-gnu/:/lib/../lib64/:/usr/lib/x86_64-linux-gnu/:/usr/lib/../lib64/:/usr/lib/gcc/x86_64-pc-linux-gnu/9.1.0/../../../:/lib/:/usr/lib/]
  ignore line: [COLLECT_GCC_OPTIONS='-v' '-o' 'CMakeFiles/cmTC_d97fb.dir/CMakeCCompilerABI.c.o' '-c' '-mtune=generic' '-march=x86-64']
  ignore line: [Linking C executable cmTC_d97fb]
  ignore line: [/home/thecxhacker/.local/share/JetBrains/Toolbox/apps/CLion/ch-0/191.7141.37/bin/cmake/linux/bin/cmake -E cmake_link_script CMakeFiles/cmTC_d97fb.dir/link.txt --verbose=1]
  ignore line: [/usr/bin/cc     -v CMakeFiles/cmTC_d97fb.dir/CMakeCCompilerABI.c.o  -o cmTC_d97fb ]
  ignore line: [Using built-in specs.]
  ignore line: [COLLECT_GCC=/usr/bin/cc]
  ignore line: [COLLECT_LTO_WRAPPER=/usr/libexec/gcc/x86_64-pc-linux-gnu/9.1.0/lto-wrapper]
  ignore line: [Target: x86_64-pc-linux-gnu]
  ignore line: [Configured with: ../configure --prefix=/usr --disable-multilib --disable-libmpx --enable-languages=c,c++,fortran,go,objc,obj-c++]
  ignore line: [Thread model: posix]
  ignore line: [gcc version 9.1.0 (GCC) ]
  ignore line: [COMPILER_PATH=/usr/libexec/gcc/x86_64-pc-linux-gnu/9.1.0/:/usr/libexec/gcc/x86_64-pc-linux-gnu/9.1.0/:/usr/libexec/gcc/x86_64-pc-linux-gnu/:/usr/lib/gcc/x86_64-pc-linux-gnu/9.1.0/:/usr/lib/gcc/x86_64-pc-linux-gnu/]
  ignore line: [LIBRARY_PATH=/usr/lib/gcc/x86_64-pc-linux-gnu/9.1.0/:/usr/lib/gcc/x86_64-pc-linux-gnu/9.1.0/../../../x86_64-linux-gnu/:/usr/lib/gcc/x86_64-pc-linux-gnu/9.1.0/../../../../lib64/:/lib/x86_64-linux-gnu/:/lib/../lib64/:/usr/lib/x86_64-linux-gnu/:/usr/lib/../lib64/:/usr/lib/gcc/x86_64-pc-linux-gnu/9.1.0/../../../:/lib/:/usr/lib/]
  ignore line: [COLLECT_GCC_OPTIONS='-v' '-o' 'cmTC_d97fb' '-mtune=generic' '-march=x86-64']
  link line: [ /usr/libexec/gcc/x86_64-pc-linux-gnu/9.1.0/collect2 -plugin /usr/libexec/gcc/x86_64-pc-linux-gnu/9.1.0/liblto_plugin.so -plugin-opt=/usr/libexec/gcc/x86_64-pc-linux-gnu/9.1.0/lto-wrapper -plugin-opt=-fresolution=/tmp/ccP1bkab.res -plugin-opt=-pass-through=-lgcc -plugin-opt=-pass-through=-lgcc_s -plugin-opt=-pass-through=-lc -plugin-opt=-pass-through=-lgcc -plugin-opt=-pass-through=-lgcc_s --eh-frame-hdr -m elf_x86_64 -dynamic-linker /lib64/ld-linux-x86-64.so.2 -o cmTC_d97fb /usr/lib/gcc/x86_64-pc-linux-gnu/9.1.0/../../../x86_64-linux-gnu/crt1.o /usr/lib/gcc/x86_64-pc-linux-gnu/9.1.0/../../../x86_64-linux-gnu/crti.o /usr/lib/gcc/x86_64-pc-linux-gnu/9.1.0/crtbegin.o -L/usr/lib/gcc/x86_64-pc-linux-gnu/9.1.0 -L/usr/lib/gcc/x86_64-pc-linux-gnu/9.1.0/../../../x86_64-linux-gnu -L/usr/lib/gcc/x86_64-pc-linux-gnu/9.1.0/../../../../lib64 -L/lib/x86_64-linux-gnu -L/lib/../lib64 -L/usr/lib/x86_64-linux-gnu -L/usr/lib/../lib64 -L/usr/lib/gcc/x86_64-pc-linux-gnu/9.1.0/../../.. CMakeFiles/cmTC_d97fb.dir/CMakeCCompilerABI.c.o -lgcc --push-state --as-needed -lgcc_s --pop-state -lc -lgcc --push-state --as-needed -lgcc_s --pop-state /usr/lib/gcc/x86_64-pc-linux-gnu/9.1.0/crtend.o /usr/lib/gcc/x86_64-pc-linux-gnu/9.1.0/../../../x86_64-linux-gnu/crtn.o]
    arg [/usr/libexec/gcc/x86_64-pc-linux-gnu/9.1.0/collect2] ==> ignore
    arg [-plugin] ==> ignore
    arg [/usr/libexec/gcc/x86_64-pc-linux-gnu/9.1.0/liblto_plugin.so] ==> ignore
    arg [-plugin-opt=/usr/libexec/gcc/x86_64-pc-linux-gnu/9.1.0/lto-wrapper] ==> ignore
    arg [-plugin-opt=-fresolution=/tmp/ccP1bkab.res] ==> ignore
    arg [-plugin-opt=-pass-through=-lgcc] ==> ignore
    arg [-plugin-opt=-pass-through=-lgcc_s] ==> ignore
    arg [-plugin-opt=-pass-through=-lc] ==> ignore
    arg [-plugin-opt=-pass-through=-lgcc] ==> ignore
    arg [-plugin-opt=-pass-through=-lgcc_s] ==> ignore
    arg [--eh-frame-hdr] ==> ignore
    arg [-m] ==> ignore
    arg [elf_x86_64] ==> ignore
    arg [-dynamic-linker] ==> ignore
    arg [/lib64/ld-linux-x86-64.so.2] ==> ignore
    arg [-o] ==> ignore
    arg [cmTC_d97fb] ==> ignore
    arg [/usr/lib/gcc/x86_64-pc-linux-gnu/9.1.0/../../../x86_64-linux-gnu/crt1.o] ==> ignore
    arg [/usr/lib/gcc/x86_64-pc-linux-gnu/9.1.0/../../../x86_64-linux-gnu/crti.o] ==> ignore
    arg [/usr/lib/gcc/x86_64-pc-linux-gnu/9.1.0/crtbegin.o] ==> ignore
    arg [-L/usr/lib/gcc/x86_64-pc-linux-gnu/9.1.0] ==> dir [/usr/lib/gcc/x86_64-pc-linux-gnu/9.1.0]
    arg [-L/usr/lib/gcc/x86_64-pc-linux-gnu/9.1.0/../../../x86_64-linux-gnu] ==> dir [/usr/lib/gcc/x86_64-pc-linux-gnu/9.1.0/../../../x86_64-linux-gnu]
    arg [-L/usr/lib/gcc/x86_64-pc-linux-gnu/9.1.0/../../../../lib64] ==> dir [/usr/lib/gcc/x86_64-pc-linux-gnu/9.1.0/../../../../lib64]
    arg [-L/lib/x86_64-linux-gnu] ==> dir [/lib/x86_64-linux-gnu]
    arg [-L/lib/../lib64] ==> dir [/lib/../lib64]
    arg [-L/usr/lib/x86_64-linux-gnu] ==> dir [/usr/lib/x86_64-linux-gnu]
    arg [-L/usr/lib/../lib64] ==> dir [/usr/lib/../lib64]
    arg [-L/usr/lib/gcc/x86_64-pc-linux-gnu/9.1.0/../../..] ==> dir [/usr/lib/gcc/x86_64-pc-linux-gnu/9.1.0/../../..]
    arg [CMakeFiles/cmTC_d97fb.dir/CMakeCCompilerABI.c.o] ==> ignore
    arg [-lgcc] ==> lib [gcc]
    arg [--push-state] ==> ignore
    arg [--as-needed] ==> ignore
    arg [-lgcc_s] ==> lib [gcc_s]
    arg [--pop-state] ==> ignore
    arg [-lc] ==> lib [c]
    arg [-lgcc] ==> lib [gcc]
    arg [--push-state] ==> ignore
    arg [--as-needed] ==> ignore
    arg [-lgcc_s] ==> lib [gcc_s]
    arg [--pop-state] ==> ignore
    arg [/usr/lib/gcc/x86_64-pc-linux-gnu/9.1.0/crtend.o] ==> ignore
    arg [/usr/lib/gcc/x86_64-pc-linux-gnu/9.1.0/../../../x86_64-linux-gnu/crtn.o] ==> ignore
  collapse library dir [/usr/lib/gcc/x86_64-pc-linux-gnu/9.1.0] ==> [/usr/lib/gcc/x86_64-pc-linux-gnu/9.1.0]
  collapse library dir [/usr/lib/gcc/x86_64-pc-linux-gnu/9.1.0/../../../x86_64-linux-gnu] ==> [/usr/lib/x86_64-linux-gnu]
  collapse library dir [/usr/lib/gcc/x86_64-pc-linux-gnu/9.1.0/../../../../lib64] ==> [/usr/lib64]
  collapse library dir [/lib/x86_64-linux-gnu] ==> [/lib/x86_64-linux-gnu]
  collapse library dir [/lib/../lib64] ==> [/lib64]
  collapse library dir [/usr/lib/x86_64-linux-gnu] ==> [/usr/lib/x86_64-linux-gnu]
  collapse library dir [/usr/lib/../lib64] ==> [/usr/lib64]
  collapse library dir [/usr/lib/gcc/x86_64-pc-linux-gnu/9.1.0/../../..] ==> [/usr/lib]
  implicit libs: [gcc;gcc_s;c;gcc;gcc_s]
  implicit dirs: [/usr/lib/gcc/x86_64-pc-linux-gnu/9.1.0;/usr/lib/x86_64-linux-gnu;/usr/lib64;/lib/x86_64-linux-gnu;/lib64;/usr/lib]
  implicit fwks: []




Detecting C [-std=c11] compiler features compiled with the following output:
Change Dir: /home/thecxhacker/Desktop/cpp17_workspace/ch04_smart_pointers/unique_ptr_example/cmake-build-debug/CMakeFiles/CMakeTmp

Run Build Command(s):/usr/bin/make cmTC_04ad9/fast 
/usr/bin/make -f CMakeFiles/cmTC_04ad9.dir/build.make CMakeFiles/cmTC_04ad9.dir/build
make[1]: Entering directory '/home/thecxhacker/Desktop/cpp17_workspace/ch04_smart_pointers/unique_ptr_example/cmake-build-debug/CMakeFiles/CMakeTmp'
Building C object CMakeFiles/cmTC_04ad9.dir/feature_tests.c.o
/usr/bin/cc   -std=c11 -o CMakeFiles/cmTC_04ad9.dir/feature_tests.c.o   -c /home/thecxhacker/Desktop/cpp17_workspace/ch04_smart_pointers/unique_ptr_example/cmake-build-debug/CMakeFiles/feature_tests.c
Linking C executable cmTC_04ad9
/home/thecxhacker/.local/share/JetBrains/Toolbox/apps/CLion/ch-0/191.7141.37/bin/cmake/linux/bin/cmake -E cmake_link_script CMakeFiles/cmTC_04ad9.dir/link.txt --verbose=1
/usr/bin/cc      CMakeFiles/cmTC_04ad9.dir/feature_tests.c.o  -o cmTC_04ad9 
make[1]: Leaving directory '/home/thecxhacker/Desktop/cpp17_workspace/ch04_smart_pointers/unique_ptr_example/cmake-build-debug/CMakeFiles/CMakeTmp'


    Feature record: C_FEATURE:1c_function_prototypes
    Feature record: C_FEATURE:1c_restrict
    Feature record: C_FEATURE:1c_static_assert
    Feature record: C_FEATURE:1c_variadic_macros


Detecting C [-std=c99] compiler features compiled with the following output:
Change Dir: /home/thecxhacker/Desktop/cpp17_workspace/ch04_smart_pointers/unique_ptr_example/cmake-build-debug/CMakeFiles/CMakeTmp

Run Build Command(s):/usr/bin/make cmTC_94595/fast 
/usr/bin/make -f CMakeFiles/cmTC_94595.dir/build.make CMakeFiles/cmTC_94595.dir/build
make[1]: Entering directory '/home/thecxhacker/Desktop/cpp17_workspace/ch04_smart_pointers/unique_ptr_example/cmake-build-debug/CMakeFiles/CMakeTmp'
Building C object CMakeFiles/cmTC_94595.dir/feature_tests.c.o
/usr/bin/cc   -std=c99 -o CMakeFiles/cmTC_94595.dir/feature_tests.c.o   -c /home/thecxhacker/Desktop/cpp17_workspace/ch04_smart_pointers/unique_ptr_example/cmake-build-debug/CMakeFiles/feature_tests.c
Linking C executable cmTC_94595
/home/thecxhacker/.local/share/JetBrains/Toolbox/apps/CLion/ch-0/191.7141.37/bin/cmake/linux/bin/cmake -E cmake_link_script CMakeFiles/cmTC_94595.dir/link.txt --verbose=1
/usr/bin/cc      CMakeFiles/cmTC_94595.dir/feature_tests.c.o  -o cmTC_94595 
make[1]: Leaving directory '/home/thecxhacker/Desktop/cpp17_workspace/ch04_smart_pointers/unique_ptr_example/cmake-build-debug/CMakeFiles/CMakeTmp'


    Feature record: C_FEATURE:1c_function_prototypes
    Feature record: C_FEATURE:1c_restrict
    Feature record: C_FEATURE:0c_static_assert
    Feature record: C_FEATURE:1c_variadic_macros


Detecting C [-std=c90] compiler features compiled with the following output:
Change Dir: /home/thecxhacker/Desktop/cpp17_workspace/ch04_smart_pointers/unique_ptr_example/cmake-build-debug/CMakeFiles/CMakeTmp

Run Build Command(s):/usr/bin/make cmTC_8d986/fast 
/usr/bin/make -f CMakeFiles/cmTC_8d986.dir/build.make CMakeFiles/cmTC_8d986.dir/build
make[1]: Entering directory '/home/thecxhacker/Desktop/cpp17_workspace/ch04_smart_pointers/unique_ptr_example/cmake-build-debug/CMakeFiles/CMakeTmp'
Building C object CMakeFiles/cmTC_8d986.dir/feature_tests.c.o
/usr/bin/cc   -std=c90 -o CMakeFiles/cmTC_8d986.dir/feature_tests.c.o   -c /home/thecxhacker/Desktop/cpp17_workspace/ch04_smart_pointers/unique_ptr_example/cmake-build-debug/CMakeFiles/feature_tests.c
Linking C executable cmTC_8d986
/home/thecxhacker/.local/share/JetBrains/Toolbox/apps/CLion/ch-0/191.7141.37/bin/cmake/linux/bin/cmake -E cmake_link_script CMakeFiles/cmTC_8d986.dir/link.txt --verbose=1
/usr/bin/cc      CMakeFiles/cmTC_8d986.dir/feature_tests.c.o  -o cmTC_8d986 
make[1]: Leaving directory '/home/thecxhacker/Desktop/cpp17_workspace/ch04_smart_pointers/unique_ptr_example/cmake-build-debug/CMakeFiles/CMakeTmp'


    Feature record: C_FEATURE:1c_function_prototypes
    Feature record: C_FEATURE:0c_restrict
    Feature record: C_FEATURE:0c_static_assert
    Feature record: C_FEATURE:0c_variadic_macros
Determining if the CXX compiler works passed with the following output:
Change Dir: /home/thecxhacker/Desktop/cpp17_workspace/ch04_smart_pointers/unique_ptr_example/cmake-build-debug/CMakeFiles/CMakeTmp

Run Build Command(s):/usr/bin/make cmTC_fb1d5/fast 
/usr/bin/make -f CMakeFiles/cmTC_fb1d5.dir/build.make CMakeFiles/cmTC_fb1d5.dir/build
make[1]: Entering directory '/home/thecxhacker/Desktop/cpp17_workspace/ch04_smart_pointers/unique_ptr_example/cmake-build-debug/CMakeFiles/CMakeTmp'
Building CXX object CMakeFiles/cmTC_fb1d5.dir/testCXXCompiler.cxx.o
/usr/bin/c++     -o CMakeFiles/cmTC_fb1d5.dir/testCXXCompiler.cxx.o -c /home/thecxhacker/Desktop/cpp17_workspace/ch04_smart_pointers/unique_ptr_example/cmake-build-debug/CMakeFiles/CMakeTmp/testCXXCompiler.cxx
Linking CXX executable cmTC_fb1d5
/home/thecxhacker/.local/share/JetBrains/Toolbox/apps/CLion/ch-0/191.7141.37/bin/cmake/linux/bin/cmake -E cmake_link_script CMakeFiles/cmTC_fb1d5.dir/link.txt --verbose=1
/usr/bin/c++       CMakeFiles/cmTC_fb1d5.dir/testCXXCompiler.cxx.o  -o cmTC_fb1d5 
make[1]: Leaving directory '/home/thecxhacker/Desktop/cpp17_workspace/ch04_smart_pointers/unique_ptr_example/cmake-build-debug/CMakeFiles/CMakeTmp'


Detecting CXX compiler ABI info compiled with the following output:
Change Dir: /home/thecxhacker/Desktop/cpp17_workspace/ch04_smart_pointers/unique_ptr_example/cmake-build-debug/CMakeFiles/CMakeTmp

Run Build Command(s):/usr/bin/make cmTC_81979/fast 
/usr/bin/make -f CMakeFiles/cmTC_81979.dir/build.make CMakeFiles/cmTC_81979.dir/build
make[1]: Entering directory '/home/thecxhacker/Desktop/cpp17_workspace/ch04_smart_pointers/unique_ptr_example/cmake-build-debug/CMakeFiles/CMakeTmp'
Building CXX object CMakeFiles/cmTC_81979.dir/CMakeCXXCompilerABI.cpp.o
/usr/bin/c++    -v -o CMakeFiles/cmTC_81979.dir/CMakeCXXCompilerABI.cpp.o -c /home/thecxhacker/.local/share/JetBrains/Toolbox/apps/CLion/ch-0/191.7141.37/bin/cmake/linux/share/cmake-3.14/Modules/CMakeCXXCompilerABI.cpp
Using built-in specs.
COLLECT_GCC=/usr/bin/c++
Target: x86_64-pc-linux-gnu
Configured with: ../configure --prefix=/usr --disable-multilib --disable-libmpx --enable-languages=c,c++,fortran,go,objc,obj-c++
Thread model: posix
gcc version 9.1.0 (GCC) 
COLLECT_GCC_OPTIONS='-v' '-o' 'CMakeFiles/cmTC_81979.dir/CMakeCXXCompilerABI.cpp.o' '-c' '-shared-libgcc' '-mtune=generic' '-march=x86-64'
 /usr/libexec/gcc/x86_64-pc-linux-gnu/9.1.0/cc1plus -quiet -v -imultiarch x86_64-linux-gnu -D_GNU_SOURCE /home/thecxhacker/.local/share/JetBrains/Toolbox/apps/CLion/ch-0/191.7141.37/bin/cmake/linux/share/cmake-3.14/Modules/CMakeCXXCompilerABI.cpp -quiet -dumpbase CMakeCXXCompilerABI.cpp -mtune=generic -march=x86-64 -auxbase-strip CMakeFiles/cmTC_81979.dir/CMakeCXXCompilerABI.cpp.o -version -o /tmp/ccivckAz.s
GNU C++14 (GCC) version 9.1.0 (x86_64-pc-linux-gnu)
	compiled by GNU C version 9.1.0, GMP version 6.1.0, MPFR version 3.1.4, MPC version 1.0.3, isl version isl-0.18-GMP

GGC heuristics: --param ggc-min-expand=100 --param ggc-min-heapsize=131072
ignoring nonexistent directory "/usr/local/include/x86_64-linux-gnu"
ignoring nonexistent directory "/usr/lib/gcc/x86_64-pc-linux-gnu/9.1.0/../../../../x86_64-pc-linux-gnu/include"
#include "..." search starts here:
#include <...> search starts here:
 /usr/lib/gcc/x86_64-pc-linux-gnu/9.1.0/../../../../include/c++/9.1.0
 /usr/lib/gcc/x86_64-pc-linux-gnu/9.1.0/../../../../include/c++/9.1.0/x86_64-pc-linux-gnu
 /usr/lib/gcc/x86_64-pc-linux-gnu/9.1.0/../../../../include/c++/9.1.0/backward
 /usr/lib/gcc/x86_64-pc-linux-gnu/9.1.0/include
 /usr/local/include
 /usr/lib/gcc/x86_64-pc-linux-gnu/9.1.0/include-fixed
 /usr/include/x86_64-linux-gnu
 /usr/include
End of search list.
GNU C++14 (GCC) version 9.1.0 (x86_64-pc-linux-gnu)
	compiled by GNU C version 9.1.0, GMP version 6.1.0, MPFR version 3.1.4, MPC version 1.0.3, isl version isl-0.18-GMP

GGC heuristics: --param ggc-min-expand=100 --param ggc-min-heapsize=131072
Compiler executable checksum: 080210b27ac082701b0ad93597310066
COLLECT_GCC_OPTIONS='-v' '-o' 'CMakeFiles/cmTC_81979.dir/CMakeCXXCompilerABI.cpp.o' '-c' '-shared-libgcc' '-mtune=generic' '-march=x86-64'
 as -v --64 -o CMakeFiles/cmTC_81979.dir/CMakeCXXCompilerABI.cpp.o /tmp/ccivckAz.s
GNU assembler version 2.32 (x86_64-linux-gnu) using BFD version (GNU Binutils for Ubuntu) 2.32
COMPILER_PATH=/usr/libexec/gcc/x86_64-pc-linux-gnu/9.1.0/:/usr/libexec/gcc/x86_64-pc-linux-gnu/9.1.0/:/usr/libexec/gcc/x86_64-pc-linux-gnu/:/usr/lib/gcc/x86_64-pc-linux-gnu/9.1.0/:/usr/lib/gcc/x86_64-pc-linux-gnu/
LIBRARY_PATH=/usr/lib/gcc/x86_64-pc-linux-gnu/9.1.0/:/usr/lib/gcc/x86_64-pc-linux-gnu/9.1.0/../../../x86_64-linux-gnu/:/usr/lib/gcc/x86_64-pc-linux-gnu/9.1.0/../../../../lib64/:/lib/x86_64-linux-gnu/:/lib/../lib64/:/usr/lib/x86_64-linux-gnu/:/usr/lib/../lib64/:/usr/lib/gcc/x86_64-pc-linux-gnu/9.1.0/../../../:/lib/:/usr/lib/
COLLECT_GCC_OPTIONS='-v' '-o' 'CMakeFiles/cmTC_81979.dir/CMakeCXXCompilerABI.cpp.o' '-c' '-shared-libgcc' '-mtune=generic' '-march=x86-64'
Linking CXX executable cmTC_81979
/home/thecxhacker/.local/share/JetBrains/Toolbox/apps/CLion/ch-0/191.7141.37/bin/cmake/linux/bin/cmake -E cmake_link_script CMakeFiles/cmTC_81979.dir/link.txt --verbose=1
/usr/bin/c++      -v CMakeFiles/cmTC_81979.dir/CMakeCXXCompilerABI.cpp.o  -o cmTC_81979 
Using built-in specs.
COLLECT_GCC=/usr/bin/c++
COLLECT_LTO_WRAPPER=/usr/libexec/gcc/x86_64-pc-linux-gnu/9.1.0/lto-wrapper
Target: x86_64-pc-linux-gnu
Configured with: ../configure --prefix=/usr --disable-multilib --disable-libmpx --enable-languages=c,c++,fortran,go,objc,obj-c++
Thread model: posix
gcc version 9.1.0 (GCC) 
COMPILER_PATH=/usr/libexec/gcc/x86_64-pc-linux-gnu/9.1.0/:/usr/libexec/gcc/x86_64-pc-linux-gnu/9.1.0/:/usr/libexec/gcc/x86_64-pc-linux-gnu/:/usr/lib/gcc/x86_64-pc-linux-gnu/9.1.0/:/usr/lib/gcc/x86_64-pc-linux-gnu/
LIBRARY_PATH=/usr/lib/gcc/x86_64-pc-linux-gnu/9.1.0/:/usr/lib/gcc/x86_64-pc-linux-gnu/9.1.0/../../../x86_64-linux-gnu/:/usr/lib/gcc/x86_64-pc-linux-gnu/9.1.0/../../../../lib64/:/lib/x86_64-linux-gnu/:/lib/../lib64/:/usr/lib/x86_64-linux-gnu/:/usr/lib/../lib64/:/usr/lib/gcc/x86_64-pc-linux-gnu/9.1.0/../../../:/lib/:/usr/lib/
COLLECT_GCC_OPTIONS='-v' '-o' 'cmTC_81979' '-shared-libgcc' '-mtune=generic' '-march=x86-64'
 /usr/libexec/gcc/x86_64-pc-linux-gnu/9.1.0/collect2 -plugin /usr/libexec/gcc/x86_64-pc-linux-gnu/9.1.0/liblto_plugin.so -plugin-opt=/usr/libexec/gcc/x86_64-pc-linux-gnu/9.1.0/lto-wrapper -plugin-opt=-fresolution=/tmp/ccROTK5E.res -plugin-opt=-pass-through=-lgcc_s -plugin-opt=-pass-through=-lgcc -plugin-opt=-pass-through=-lc -plugin-opt=-pass-through=-lgcc_s -plugin-opt=-pass-through=-lgcc --eh-frame-hdr -m elf_x86_64 -dynamic-linker /lib64/ld-linux-x86-64.so.2 -o cmTC_81979 /usr/lib/gcc/x86_64-pc-linux-gnu/9.1.0/../../../x86_64-linux-gnu/crt1.o /usr/lib/gcc/x86_64-pc-linux-gnu/9.1.0/../../../x86_64-linux-gnu/crti.o /usr/lib/gcc/x86_64-pc-linux-gnu/9.1.0/crtbegin.o -L/usr/lib/gcc/x86_64-pc-linux-gnu/9.1.0 -L/usr/lib/gcc/x86_64-pc-linux-gnu/9.1.0/../../../x86_64-linux-gnu -L/usr/lib/gcc/x86_64-pc-linux-gnu/9.1.0/../../../../lib64 -L/lib/x86_64-linux-gnu -L/lib/../lib64 -L/usr/lib/x86_64-linux-gnu -L/usr/lib/../lib64 -L/usr/lib/gcc/x86_64-pc-linux-gnu/9.1.0/../../.. CMakeFiles/cmTC_81979.dir/CMakeCXXCompilerABI.cpp.o -lstdc++ -lm -lgcc_s -lgcc -lc -lgcc_s -lgcc /usr/lib/gcc/x86_64-pc-linux-gnu/9.1.0/crtend.o /usr/lib/gcc/x86_64-pc-linux-gnu/9.1.0/../../../x86_64-linux-gnu/crtn.o
COLLECT_GCC_OPTIONS='-v' '-o' 'cmTC_81979' '-shared-libgcc' '-mtune=generic' '-march=x86-64'
make[1]: Leaving directory '/home/thecxhacker/Desktop/cpp17_workspace/ch04_smart_pointers/unique_ptr_example/cmake-build-debug/CMakeFiles/CMakeTmp'


Parsed CXX implicit include dir info from above output: rv=done
  found start of include info
  found start of implicit include info
    add: [/usr/lib/gcc/x86_64-pc-linux-gnu/9.1.0/../../../../include/c++/9.1.0]
    add: [/usr/lib/gcc/x86_64-pc-linux-gnu/9.1.0/../../../../include/c++/9.1.0/x86_64-pc-linux-gnu]
    add: [/usr/lib/gcc/x86_64-pc-linux-gnu/9.1.0/../../../../include/c++/9.1.0/backward]
    add: [/usr/lib/gcc/x86_64-pc-linux-gnu/9.1.0/include]
    add: [/usr/local/include]
    add: [/usr/lib/gcc/x86_64-pc-linux-gnu/9.1.0/include-fixed]
    add: [/usr/include/x86_64-linux-gnu]
    add: [/usr/include]
  end of search list found
  collapse include dir [/usr/lib/gcc/x86_64-pc-linux-gnu/9.1.0/../../../../include/c++/9.1.0] ==> [/usr/include/c++/9.1.0]
  collapse include dir [/usr/lib/gcc/x86_64-pc-linux-gnu/9.1.0/../../../../include/c++/9.1.0/x86_64-pc-linux-gnu] ==> [/usr/include/c++/9.1.0/x86_64-pc-linux-gnu]
  collapse include dir [/usr/lib/gcc/x86_64-pc-linux-gnu/9.1.0/../../../../include/c++/9.1.0/backward] ==> [/usr/include/c++/9.1.0/backward]
  collapse include dir [/usr/lib/gcc/x86_64-pc-linux-gnu/9.1.0/include] ==> [/usr/lib/gcc/x86_64-pc-linux-gnu/9.1.0/include]
  collapse include dir [/usr/local/include] ==> [/usr/local/include]
  collapse include dir [/usr/lib/gcc/x86_64-pc-linux-gnu/9.1.0/include-fixed] ==> [/usr/lib/gcc/x86_64-pc-linux-gnu/9.1.0/include-fixed]
  collapse include dir [/usr/include/x86_64-linux-gnu] ==> [/usr/include/x86_64-linux-gnu]
  collapse include dir [/usr/include] ==> [/usr/include]
  implicit include dirs: [/usr/include/c++/9.1.0;/usr/include/c++/9.1.0/x86_64-pc-linux-gnu;/usr/include/c++/9.1.0/backward;/usr/lib/gcc/x86_64-pc-linux-gnu/9.1.0/include;/usr/local/include;/usr/lib/gcc/x86_64-pc-linux-gnu/9.1.0/include-fixed;/usr/include/x86_64-linux-gnu;/usr/include]


Parsed CXX implicit link information from above output:
  link line regex: [^( *|.*[/\])(ld|CMAKE_LINK_STARTFILE-NOTFOUND|([^/\]+-)?ld|collect2)[^/\]*( |$)]
  ignore line: [Change Dir: /home/thecxhacker/Desktop/cpp17_workspace/ch04_smart_pointers/unique_ptr_example/cmake-build-debug/CMakeFiles/CMakeTmp]
  ignore line: []
  ignore line: [Run Build Command(s):/usr/bin/make cmTC_81979/fast ]
  ignore line: [/usr/bin/make -f CMakeFiles/cmTC_81979.dir/build.make CMakeFiles/cmTC_81979.dir/build]
  ignore line: [make[1]: Entering directory '/home/thecxhacker/Desktop/cpp17_workspace/ch04_smart_pointers/unique_ptr_example/cmake-build-debug/CMakeFiles/CMakeTmp']
  ignore line: [Building CXX object CMakeFiles/cmTC_81979.dir/CMakeCXXCompilerABI.cpp.o]
  ignore line: [/usr/bin/c++    -v -o CMakeFiles/cmTC_81979.dir/CMakeCXXCompilerABI.cpp.o -c /home/thecxhacker/.local/share/JetBrains/Toolbox/apps/CLion/ch-0/191.7141.37/bin/cmake/linux/share/cmake-3.14/Modules/CMakeCXXCompilerABI.cpp]
  ignore line: [Using built-in specs.]
  ignore line: [COLLECT_GCC=/usr/bin/c++]
  ignore line: [Target: x86_64-pc-linux-gnu]
  ignore line: [Configured with: ../configure --prefix=/usr --disable-multilib --disable-libmpx --enable-languages=c,c++,fortran,go,objc,obj-c++]
  ignore line: [Thread model: posix]
  ignore line: [gcc version 9.1.0 (GCC) ]
  ignore line: [COLLECT_GCC_OPTIONS='-v' '-o' 'CMakeFiles/cmTC_81979.dir/CMakeCXXCompilerABI.cpp.o' '-c' '-shared-libgcc' '-mtune=generic' '-march=x86-64']
  ignore line: [ /usr/libexec/gcc/x86_64-pc-linux-gnu/9.1.0/cc1plus -quiet -v -imultiarch x86_64-linux-gnu -D_GNU_SOURCE /home/thecxhacker/.local/share/JetBrains/Toolbox/apps/CLion/ch-0/191.7141.37/bin/cmake/linux/share/cmake-3.14/Modules/CMakeCXXCompilerABI.cpp -quiet -dumpbase CMakeCXXCompilerABI.cpp -mtune=generic -march=x86-64 -auxbase-strip CMakeFiles/cmTC_81979.dir/CMakeCXXCompilerABI.cpp.o -version -o /tmp/ccivckAz.s]
  ignore line: [GNU C++14 (GCC) version 9.1.0 (x86_64-pc-linux-gnu)]
  ignore line: [	compiled by GNU C version 9.1.0, GMP version 6.1.0, MPFR version 3.1.4, MPC version 1.0.3, isl version isl-0.18-GMP]
  ignore line: []
  ignore line: [GGC heuristics: --param ggc-min-expand=100 --param ggc-min-heapsize=131072]
  ignore line: [ignoring nonexistent directory "/usr/local/include/x86_64-linux-gnu"]
  ignore line: [ignoring nonexistent directory "/usr/lib/gcc/x86_64-pc-linux-gnu/9.1.0/../../../../x86_64-pc-linux-gnu/include"]
  ignore line: [#include "..." search starts here:]
  ignore line: [#include <...> search starts here:]
  ignore line: [ /usr/lib/gcc/x86_64-pc-linux-gnu/9.1.0/../../../../include/c++/9.1.0]
  ignore line: [ /usr/lib/gcc/x86_64-pc-linux-gnu/9.1.0/../../../../include/c++/9.1.0/x86_64-pc-linux-gnu]
  ignore line: [ /usr/lib/gcc/x86_64-pc-linux-gnu/9.1.0/../../../../include/c++/9.1.0/backward]
  ignore line: [ /usr/lib/gcc/x86_64-pc-linux-gnu/9.1.0/include]
  ignore line: [ /usr/local/include]
  ignore line: [ /usr/lib/gcc/x86_64-pc-linux-gnu/9.1.0/include-fixed]
  ignore line: [ /usr/include/x86_64-linux-gnu]
  ignore line: [ /usr/include]
  ignore line: [End of search list.]
  ignore line: [GNU C++14 (GCC) version 9.1.0 (x86_64-pc-linux-gnu)]
  ignore line: [	compiled by GNU C version 9.1.0, GMP version 6.1.0, MPFR version 3.1.4, MPC version 1.0.3, isl version isl-0.18-GMP]
  ignore line: []
  ignore line: [GGC heuristics: --param ggc-min-expand=100 --param ggc-min-heapsize=131072]
  ignore line: [Compiler executable checksum: 080210b27ac082701b0ad93597310066]
  ignore line: [COLLECT_GCC_OPTIONS='-v' '-o' 'CMakeFiles/cmTC_81979.dir/CMakeCXXCompilerABI.cpp.o' '-c' '-shared-libgcc' '-mtune=generic' '-march=x86-64']
  ignore line: [ as -v --64 -o CMakeFiles/cmTC_81979.dir/CMakeCXXCompilerABI.cpp.o /tmp/ccivckAz.s]
  ignore line: [GNU assembler version 2.32 (x86_64-linux-gnu) using BFD version (GNU Binutils for Ubuntu) 2.32]
  ignore line: [COMPILER_PATH=/usr/libexec/gcc/x86_64-pc-linux-gnu/9.1.0/:/usr/libexec/gcc/x86_64-pc-linux-gnu/9.1.0/:/usr/libexec/gcc/x86_64-pc-linux-gnu/:/usr/lib/gcc/x86_64-pc-linux-gnu/9.1.0/:/usr/lib/gcc/x86_64-pc-linux-gnu/]
  ignore line: [LIBRARY_PATH=/usr/lib/gcc/x86_64-pc-linux-gnu/9.1.0/:/usr/lib/gcc/x86_64-pc-linux-gnu/9.1.0/../../../x86_64-linux-gnu/:/usr/lib/gcc/x86_64-pc-linux-gnu/9.1.0/../../../../lib64/:/lib/x86_64-linux-gnu/:/lib/../lib64/:/usr/lib/x86_64-linux-gnu/:/usr/lib/../lib64/:/usr/lib/gcc/x86_64-pc-linux-gnu/9.1.0/../../../:/lib/:/usr/lib/]
  ignore line: [COLLECT_GCC_OPTIONS='-v' '-o' 'CMakeFiles/cmTC_81979.dir/CMakeCXXCompilerABI.cpp.o' '-c' '-shared-libgcc' '-mtune=generic' '-march=x86-64']
  ignore line: [Linking CXX executable cmTC_81979]
  ignore line: [/home/thecxhacker/.local/share/JetBrains/Toolbox/apps/CLion/ch-0/191.7141.37/bin/cmake/linux/bin/cmake -E cmake_link_script CMakeFiles/cmTC_81979.dir/link.txt --verbose=1]
  ignore line: [/usr/bin/c++      -v CMakeFiles/cmTC_81979.dir/CMakeCXXCompilerABI.cpp.o  -o cmTC_81979 ]
  ignore line: [Using built-in specs.]
  ignore line: [COLLECT_GCC=/usr/bin/c++]
  ignore line: [COLLECT_LTO_WRAPPER=/usr/libexec/gcc/x86_64-pc-linux-gnu/9.1.0/lto-wrapper]
  ignore line: [Target: x86_64-pc-linux-gnu]
  ignore line: [Configured with: ../configure --prefix=/usr --disable-multilib --disable-libmpx --enable-languages=c,c++,fortran,go,objc,obj-c++]
  ignore line: [Thread model: posix]
  ignore line: [gcc version 9.1.0 (GCC) ]
  ignore line: [COMPILER_PATH=/usr/libexec/gcc/x86_64-pc-linux-gnu/9.1.0/:/usr/libexec/gcc/x86_64-pc-linux-gnu/9.1.0/:/usr/libexec/gcc/x86_64-pc-linux-gnu/:/usr/lib/gcc/x86_64-pc-linux-gnu/9.1.0/:/usr/lib/gcc/x86_64-pc-linux-gnu/]
  ignore line: [LIBRARY_PATH=/usr/lib/gcc/x86_64-pc-linux-gnu/9.1.0/:/usr/lib/gcc/x86_64-pc-linux-gnu/9.1.0/../../../x86_64-linux-gnu/:/usr/lib/gcc/x86_64-pc-linux-gnu/9.1.0/../../../../lib64/:/lib/x86_64-linux-gnu/:/lib/../lib64/:/usr/lib/x86_64-linux-gnu/:/usr/lib/../lib64/:/usr/lib/gcc/x86_64-pc-linux-gnu/9.1.0/../../../:/lib/:/usr/lib/]
  ignore line: [COLLECT_GCC_OPTIONS='-v' '-o' 'cmTC_81979' '-shared-libgcc' '-mtune=generic' '-march=x86-64']
  link line: [ /usr/libexec/gcc/x86_64-pc-linux-gnu/9.1.0/collect2 -plugin /usr/libexec/gcc/x86_64-pc-linux-gnu/9.1.0/liblto_plugin.so -plugin-opt=/usr/libexec/gcc/x86_64-pc-linux-gnu/9.1.0/lto-wrapper -plugin-opt=-fresolution=/tmp/ccROTK5E.res -plugin-opt=-pass-through=-lgcc_s -plugin-opt=-pass-through=-lgcc -plugin-opt=-pass-through=-lc -plugin-opt=-pass-through=-lgcc_s -plugin-opt=-pass-through=-lgcc --eh-frame-hdr -m elf_x86_64 -dynamic-linker /lib64/ld-linux-x86-64.so.2 -o cmTC_81979 /usr/lib/gcc/x86_64-pc-linux-gnu/9.1.0/../../../x86_64-linux-gnu/crt1.o /usr/lib/gcc/x86_64-pc-linux-gnu/9.1.0/../../../x86_64-linux-gnu/crti.o /usr/lib/gcc/x86_64-pc-linux-gnu/9.1.0/crtbegin.o -L/usr/lib/gcc/x86_64-pc-linux-gnu/9.1.0 -L/usr/lib/gcc/x86_64-pc-linux-gnu/9.1.0/../../../x86_64-linux-gnu -L/usr/lib/gcc/x86_64-pc-linux-gnu/9.1.0/../../../../lib64 -L/lib/x86_64-linux-gnu -L/lib/../lib64 -L/usr/lib/x86_64-linux-gnu -L/usr/lib/../lib64 -L/usr/lib/gcc/x86_64-pc-linux-gnu/9.1.0/../../.. CMakeFiles/cmTC_81979.dir/CMakeCXXCompilerABI.cpp.o -lstdc++ -lm -lgcc_s -lgcc -lc -lgcc_s -lgcc /usr/lib/gcc/x86_64-pc-linux-gnu/9.1.0/crtend.o /usr/lib/gcc/x86_64-pc-linux-gnu/9.1.0/../../../x86_64-linux-gnu/crtn.o]
    arg [/usr/libexec/gcc/x86_64-pc-linux-gnu/9.1.0/collect2] ==> ignore
    arg [-plugin] ==> ignore
    arg [/usr/libexec/gcc/x86_64-pc-linux-gnu/9.1.0/liblto_plugin.so] ==> ignore
    arg [-plugin-opt=/usr/libexec/gcc/x86_64-pc-linux-gnu/9.1.0/lto-wrapper] ==> ignore
    arg [-plugin-opt=-fresolution=/tmp/ccROTK5E.res] ==> ignore
    arg [-plugin-opt=-pass-through=-lgcc_s] ==> ignore
    arg [-plugin-opt=-pass-through=-lgcc] ==> ignore
    arg [-plugin-opt=-pass-through=-lc] ==> ignore
    arg [-plugin-opt=-pass-through=-lgcc_s] ==> ignore
    arg [-plugin-opt=-pass-through=-lgcc] ==> ignore
    arg [--eh-frame-hdr] ==> ignore
    arg [-m] ==> ignore
    arg [elf_x86_64] ==> ignore
    arg [-dynamic-linker] ==> ignore
    arg [/lib64/ld-linux-x86-64.so.2] ==> ignore
    arg [-o] ==> ignore
    arg [cmTC_81979] ==> ignore
    arg [/usr/lib/gcc/x86_64-pc-linux-gnu/9.1.0/../../../x86_64-linux-gnu/crt1.o] ==> ignore
    arg [/usr/lib/gcc/x86_64-pc-linux-gnu/9.1.0/../../../x86_64-linux-gnu/crti.o] ==> ignore
    arg [/usr/lib/gcc/x86_64-pc-linux-gnu/9.1.0/crtbegin.o] ==> ignore
    arg [-L/usr/lib/gcc/x86_64-pc-linux-gnu/9.1.0] ==> dir [/usr/lib/gcc/x86_64-pc-linux-gnu/9.1.0]
    arg [-L/usr/lib/gcc/x86_64-pc-linux-gnu/9.1.0/../../../x86_64-linux-gnu] ==> dir [/usr/lib/gcc/x86_64-pc-linux-gnu/9.1.0/../../../x86_64-linux-gnu]
    arg [-L/usr/lib/gcc/x86_64-pc-linux-gnu/9.1.0/../../../../lib64] ==> dir [/usr/lib/gcc/x86_64-pc-linux-gnu/9.1.0/../../../../lib64]
    arg [-L/lib/x86_64-linux-gnu] ==> dir [/lib/x86_64-linux-gnu]
    arg [-L/lib/../lib64] ==> dir [/lib/../lib64]
    arg [-L/usr/lib/x86_64-linux-gnu] ==> dir [/usr/lib/x86_64-linux-gnu]
    arg [-L/usr/lib/../lib64] ==> dir [/usr/lib/../lib64]
    arg [-L/usr/lib/gcc/x86_64-pc-linux-gnu/9.1.0/../../..] ==> dir [/usr/lib/gcc/x86_64-pc-linux-gnu/9.1.0/../../..]
    arg [CMakeFiles/cmTC_81979.dir/CMakeCXXCompilerABI.cpp.o] ==> ignore
    arg [-lstdc++] ==> lib [stdc++]
    arg [-lm] ==> lib [m]
    arg [-lgcc_s] ==> lib [gcc_s]
    arg [-lgcc] ==> lib [gcc]
    arg [-lc] ==> lib [c]
    arg [-lgcc_s] ==> lib [gcc_s]
    arg [-lgcc] ==> lib [gcc]
    arg [/usr/lib/gcc/x86_64-pc-linux-gnu/9.1.0/crtend.o] ==> ignore
    arg [/usr/lib/gcc/x86_64-pc-linux-gnu/9.1.0/../../../x86_64-linux-gnu/crtn.o] ==> ignore
  collapse library dir [/usr/lib/gcc/x86_64-pc-linux-gnu/9.1.0] ==> [/usr/lib/gcc/x86_64-pc-linux-gnu/9.1.0]
  collapse library dir [/usr/lib/gcc/x86_64-pc-linux-gnu/9.1.0/../../../x86_64-linux-gnu] ==> [/usr/lib/x86_64-linux-gnu]
  collapse library dir [/usr/lib/gcc/x86_64-pc-linux-gnu/9.1.0/../../../../lib64] ==> [/usr/lib64]
  collapse library dir [/lib/x86_64-linux-gnu] ==> [/lib/x86_64-linux-gnu]
  collapse library dir [/lib/../lib64] ==> [/lib64]
  collapse library dir [/usr/lib/x86_64-linux-gnu] ==> [/usr/lib/x86_64-linux-gnu]
  collapse library dir [/usr/lib/../lib64] ==> [/usr/lib64]
  collapse library dir [/usr/lib/gcc/x86_64-pc-linux-gnu/9.1.0/../../..] ==> [/usr/lib]
  implicit libs: [stdc++;m;gcc_s;gcc;c;gcc_s;gcc]
  implicit dirs: [/usr/lib/gcc/x86_64-pc-linux-gnu/9.1.0;/usr/lib/x86_64-linux-gnu;/usr/lib64;/lib/x86_64-linux-gnu;/lib64;/usr/lib]
  implicit fwks: []




Detecting CXX [-std=c++2a] compiler features compiled with the following output:
Change Dir: /home/thecxhacker/Desktop/cpp17_workspace/ch04_smart_pointers/unique_ptr_example/cmake-build-debug/CMakeFiles/CMakeTmp

Run Build Command(s):/usr/bin/make cmTC_cbbf3/fast 
/usr/bin/make -f CMakeFiles/cmTC_cbbf3.dir/build.make CMakeFiles/cmTC_cbbf3.dir/build
make[1]: Entering directory '/home/thecxhacker/Desktop/cpp17_workspace/ch04_smart_pointers/unique_ptr_example/cmake-build-debug/CMakeFiles/CMakeTmp'
Building CXX object CMakeFiles/cmTC_cbbf3.dir/feature_tests.cxx.o
/usr/bin/c++    -std=c++2a -o CMakeFiles/cmTC_cbbf3.dir/feature_tests.cxx.o -c /home/thecxhacker/Desktop/cpp17_workspace/ch04_smart_pointers/unique_ptr_example/cmake-build-debug/CMakeFiles/feature_tests.cxx
Linking CXX executable cmTC_cbbf3
/home/thecxhacker/.local/share/JetBrains/Toolbox/apps/CLion/ch-0/191.7141.37/bin/cmake/linux/bin/cmake -E cmake_link_script CMakeFiles/cmTC_cbbf3.dir/link.txt --verbose=1
/usr/bin/c++       CMakeFiles/cmTC_cbbf3.dir/feature_tests.cxx.o  -o cmTC_cbbf3 
make[1]: Leaving directory '/home/thecxhacker/Desktop/cpp17_workspace/ch04_smart_pointers/unique_ptr_example/cmake-build-debug/CMakeFiles/CMakeTmp'


    Feature record: CXX_FEATURE:1cxx_aggregate_default_initializers
    Feature record: CXX_FEATURE:1cxx_alias_templates
    Feature record: CXX_FEATURE:1cxx_alignas
    Feature record: CXX_FEATURE:1cxx_alignof
    Feature record: CXX_FEATURE:1cxx_attributes
    Feature record: CXX_FEATURE:1cxx_attribute_deprecated
    Feature record: CXX_FEATURE:1cxx_auto_type
    Feature record: CXX_FEATURE:1cxx_binary_literals
    Feature record: CXX_FEATURE:1cxx_constexpr
    Feature record: CXX_FEATURE:1cxx_contextual_conversions
    Feature record: CXX_FEATURE:1cxx_decltype
    Feature record: CXX_FEATURE:1cxx_decltype_auto
    Feature record: CXX_FEATURE:1cxx_decltype_incomplete_return_types
    Feature record: CXX_FEATURE:1cxx_default_function_template_args
    Feature record: CXX_FEATURE:1cxx_defaulted_functions
    Feature record: CXX_FEATURE:1cxx_defaulted_move_initializers
    Feature record: CXX_FEATURE:1cxx_delegating_constructors
    Feature record: CXX_FEATURE:1cxx_deleted_functions
    Feature record: CXX_FEATURE:1cxx_digit_separators
    Feature record: CXX_FEATURE:1cxx_enum_forward_declarations
    Feature record: CXX_FEATURE:1cxx_explicit_conversions
    Feature record: CXX_FEATURE:1cxx_extended_friend_declarations
    Feature record: CXX_FEATURE:1cxx_extern_templates
    Feature record: CXX_FEATURE:1cxx_final
    Feature record: CXX_FEATURE:1cxx_func_identifier
    Feature record: CXX_FEATURE:1cxx_generalized_initializers
    Feature record: CXX_FEATURE:1cxx_generic_lambdas
    Feature record: CXX_FEATURE:1cxx_inheriting_constructors
    Feature record: CXX_FEATURE:1cxx_inline_namespaces
    Feature record: CXX_FEATURE:1cxx_lambdas
    Feature record: CXX_FEATURE:1cxx_lambda_init_captures
    Feature record: CXX_FEATURE:1cxx_local_type_template_args
    Feature record: CXX_FEATURE:1cxx_long_long_type
    Feature record: CXX_FEATURE:1cxx_noexcept
    Feature record: CXX_FEATURE:1cxx_nonstatic_member_init
    Feature record: CXX_FEATURE:1cxx_nullptr
    Feature record: CXX_FEATURE:1cxx_override
    Feature record: CXX_FEATURE:1cxx_range_for
    Feature record: CXX_FEATURE:1cxx_raw_string_literals
    Feature record: CXX_FEATURE:1cxx_reference_qualified_functions
    Feature record: CXX_FEATURE:1cxx_relaxed_constexpr
    Feature record: CXX_FEATURE:1cxx_return_type_deduction
    Feature record: CXX_FEATURE:1cxx_right_angle_brackets
    Feature record: CXX_FEATURE:1cxx_rvalue_references
    Feature record: CXX_FEATURE:1cxx_sizeof_member
    Feature record: CXX_FEATURE:1cxx_static_assert
    Feature record: CXX_FEATURE:1cxx_strong_enums
    Feature record: CXX_FEATURE:1cxx_template_template_parameters
    Feature record: CXX_FEATURE:1cxx_thread_local
    Feature record: CXX_FEATURE:1cxx_trailing_return_types
    Feature record: CXX_FEATURE:1cxx_unicode_literals
    Feature record: CXX_FEATURE:1cxx_uniform_initialization
    Feature record: CXX_FEATURE:1cxx_unrestricted_unions
    Feature record: CXX_FEATURE:1cxx_user_literals
    Feature record: CXX_FEATURE:1cxx_variable_templates
    Feature record: CXX_FEATURE:1cxx_variadic_macros
    Feature record: CXX_FEATURE:1cxx_variadic_templates


Detecting CXX [-std=c++17] compiler features compiled with the following output:
Change Dir: /home/thecxhacker/Desktop/cpp17_workspace/ch04_smart_pointers/unique_ptr_example/cmake-build-debug/CMakeFiles/CMakeTmp

Run Build Command(s):/usr/bin/make cmTC_ad07b/fast 
/usr/bin/make -f CMakeFiles/cmTC_ad07b.dir/build.make CMakeFiles/cmTC_ad07b.dir/build
make[1]: Entering directory '/home/thecxhacker/Desktop/cpp17_workspace/ch04_smart_pointers/unique_ptr_example/cmake-build-debug/CMakeFiles/CMakeTmp'
Building CXX object CMakeFiles/cmTC_ad07b.dir/feature_tests.cxx.o
/usr/bin/c++    -std=c++17 -o CMakeFiles/cmTC_ad07b.dir/feature_tests.cxx.o -c /home/thecxhacker/Desktop/cpp17_workspace/ch04_smart_pointers/unique_ptr_example/cmake-build-debug/CMakeFiles/feature_tests.cxx
Linking CXX executable cmTC_ad07b
/home/thecxhacker/.local/share/JetBrains/Toolbox/apps/CLion/ch-0/191.7141.37/bin/cmake/linux/bin/cmake -E cmake_link_script CMakeFiles/cmTC_ad07b.dir/link.txt --verbose=1
/usr/bin/c++       CMakeFiles/cmTC_ad07b.dir/feature_tests.cxx.o  -o cmTC_ad07b 
make[1]: Leaving directory '/home/thecxhacker/Desktop/cpp17_workspace/ch04_smart_pointers/unique_ptr_example/cmake-build-debug/CMakeFiles/CMakeTmp'


    Feature record: CXX_FEATURE:1cxx_aggregate_default_initializers
    Feature record: CXX_FEATURE:1cxx_alias_templates
    Feature record: CXX_FEATURE:1cxx_alignas
    Feature record: CXX_FEATURE:1cxx_alignof
    Feature record: CXX_FEATURE:1cxx_attributes
    Feature record: CXX_FEATURE:1cxx_attribute_deprecated
    Feature record: CXX_FEATURE:1cxx_auto_type
    Feature record: CXX_FEATURE:1cxx_binary_literals
    Feature record: CXX_FEATURE:1cxx_constexpr
    Feature record: CXX_FEATURE:1cxx_contextual_conversions
    Feature record: CXX_FEATURE:1cxx_decltype
    Feature record: CXX_FEATURE:1cxx_decltype_auto
    Feature record: CXX_FEATURE:1cxx_decltype_incomplete_return_types
    Feature record: CXX_FEATURE:1cxx_default_function_template_args
    Feature record: CXX_FEATURE:1cxx_defaulted_functions
    Feature record: CXX_FEATURE:1cxx_defaulted_move_initializers
    Feature record: CXX_FEATURE:1cxx_delegating_constructors
    Feature record: CXX_FEATURE:1cxx_deleted_functions
    Feature record: CXX_FEATURE:1cxx_digit_separators
    Feature record: CXX_FEATURE:1cxx_enum_forward_declarations
    Feature record: CXX_FEATURE:1cxx_explicit_conversions
    Feature record: CXX_FEATURE:1cxx_extended_friend_declarations
    Feature record: CXX_FEATURE:1cxx_extern_templates
    Feature record: CXX_FEATURE:1cxx_final
    Feature record: CXX_FEATURE:1cxx_func_identifier
    Feature record: CXX_FEATURE:1cxx_generalized_initializers
    Feature record: CXX_FEATURE:1cxx_generic_lambdas
    Feature record: CXX_FEATURE:1cxx_inheriting_constructors
    Feature record: CXX_FEATURE:1cxx_inline_namespaces
    Feature record: CXX_FEATURE:1cxx_lambdas
    Feature record: CXX_FEATURE:1cxx_lambda_init_captures
    Feature record: CXX_FEATURE:1cxx_local_type_template_args
    Feature record: CXX_FEATURE:1cxx_long_long_type
    Feature record: CXX_FEATURE:1cxx_noexcept
    Feature record: CXX_FEATURE:1cxx_nonstatic_member_init
    Feature record: CXX_FEATURE:1cxx_nullptr
    Feature record: CXX_FEATURE:1cxx_override
    Feature record: CXX_FEATURE:1cxx_range_for
    Feature record: CXX_FEATURE:1cxx_raw_string_literals
    Feature record: CXX_FEATURE:1cxx_reference_qualified_functions
    Feature record: CXX_FEATURE:1cxx_relaxed_constexpr
    Feature record: CXX_FEATURE:1cxx_return_type_deduction
    Feature record: CXX_FEATURE:1cxx_right_angle_brackets
    Feature record: CXX_FEATURE:1cxx_rvalue_references
    Feature record: CXX_FEATURE:1cxx_sizeof_member
    Feature record: CXX_FEATURE:1cxx_static_assert
    Feature record: CXX_FEATURE:1cxx_strong_enums
    Feature record: CXX_FEATURE:1cxx_template_template_parameters
    Feature record: CXX_FEATURE:1cxx_thread_local
    Feature record: CXX_FEATURE:1cxx_trailing_return_types
    Feature record: CXX_FEATURE:1cxx_unicode_literals
    Feature record: CXX_FEATURE:1cxx_uniform_initialization
    Feature record: CXX_FEATURE:1cxx_unrestricted_unions
    Feature record: CXX_FEATURE:1cxx_user_literals
    Feature record: CXX_FEATURE:1cxx_variable_templates
    Feature record: CXX_FEATURE:1cxx_variadic_macros
    Feature record: CXX_FEATURE:1cxx_variadic_templates


Detecting CXX [-std=c++14] compiler features compiled with the following output:
Change Dir: /home/thecxhacker/Desktop/cpp17_workspace/ch04_smart_pointers/unique_ptr_example/cmake-build-debug/CMakeFiles/CMakeTmp

Run Build Command(s):/usr/bin/make cmTC_af90b/fast 
/usr/bin/make -f CMakeFiles/cmTC_af90b.dir/build.make CMakeFiles/cmTC_af90b.dir/build
make[1]: Entering directory '/home/thecxhacker/Desktop/cpp17_workspace/ch04_smart_pointers/unique_ptr_example/cmake-build-debug/CMakeFiles/CMakeTmp'
Building CXX object CMakeFiles/cmTC_af90b.dir/feature_tests.cxx.o
/usr/bin/c++    -std=c++14 -o CMakeFiles/cmTC_af90b.dir/feature_tests.cxx.o -c /home/thecxhacker/Desktop/cpp17_workspace/ch04_smart_pointers/unique_ptr_example/cmake-build-debug/CMakeFiles/feature_tests.cxx
Linking CXX executable cmTC_af90b
/home/thecxhacker/.local/share/JetBrains/Toolbox/apps/CLion/ch-0/191.7141.37/bin/cmake/linux/bin/cmake -E cmake_link_script CMakeFiles/cmTC_af90b.dir/link.txt --verbose=1
/usr/bin/c++       CMakeFiles/cmTC_af90b.dir/feature_tests.cxx.o  -o cmTC_af90b 
make[1]: Leaving directory '/home/thecxhacker/Desktop/cpp17_workspace/ch04_smart_pointers/unique_ptr_example/cmake-build-debug/CMakeFiles/CMakeTmp'


    Feature record: CXX_FEATURE:1cxx_aggregate_default_initializers
    Feature record: CXX_FEATURE:1cxx_alias_templates
    Feature record: CXX_FEATURE:1cxx_alignas
    Feature record: CXX_FEATURE:1cxx_alignof
    Feature record: CXX_FEATURE:1cxx_attributes
    Feature record: CXX_FEATURE:1cxx_attribute_deprecated
    Feature record: CXX_FEATURE:1cxx_auto_type
    Feature record: CXX_FEATURE:1cxx_binary_literals
    Feature record: CXX_FEATURE:1cxx_constexpr
    Feature record: CXX_FEATURE:1cxx_contextual_conversions
    Feature record: CXX_FEATURE:1cxx_decltype
    Feature record: CXX_FEATURE:1cxx_decltype_auto
    Feature record: CXX_FEATURE:1cxx_decltype_incomplete_return_types
    Feature record: CXX_FEATURE:1cxx_default_function_template_args
    Feature record: CXX_FEATURE:1cxx_defaulted_functions
    Feature record: CXX_FEATURE:1cxx_defaulted_move_initializers
    Feature record: CXX_FEATURE:1cxx_delegating_constructors
    Feature record: CXX_FEATURE:1cxx_deleted_functions
    Feature record: CXX_FEATURE:1cxx_digit_separators
    Feature record: CXX_FEATURE:1cxx_enum_forward_declarations
    Feature record: CXX_FEATURE:1cxx_explicit_conversions
    Feature record: CXX_FEATURE:1cxx_extended_friend_declarations
    Feature record: CXX_FEATURE:1cxx_extern_templates
    Feature record: CXX_FEATURE:1cxx_final
    Feature record: CXX_FEATURE:1cxx_func_identifier
    Feature record: CXX_FEATURE:1cxx_generalized_initializers
    Feature record: CXX_FEATURE:1cxx_generic_lambdas
    Feature record: CXX_FEATURE:1cxx_inheriting_constructors
    Feature record: CXX_FEATURE:1cxx_inline_namespaces
    Feature record: CXX_FEATURE:1cxx_lambdas
    Feature record: CXX_FEATURE:1cxx_lambda_init_captures
    Feature record: CXX_FEATURE:1cxx_local_type_template_args
    Feature record: CXX_FEATURE:1cxx_long_long_type
    Feature record: CXX_FEATURE:1cxx_noexcept
    Feature record: CXX_FEATURE:1cxx_nonstatic_member_init
    Feature record: CXX_FEATURE:1cxx_nullptr
    Feature record: CXX_FEATURE:1cxx_override
    Feature record: CXX_FEATURE:1cxx_range_for
    Feature record: CXX_FEATURE:1cxx_raw_string_literals
    Feature record: CXX_FEATURE:1cxx_reference_qualified_functions
    Feature record: CXX_FEATURE:1cxx_relaxed_constexpr
    Feature record: CXX_FEATURE:1cxx_return_type_deduction
    Feature record: CXX_FEATURE:1cxx_right_angle_brackets
    Feature record: CXX_FEATURE:1cxx_rvalue_references
    Feature record: CXX_FEATURE:1cxx_sizeof_member
    Feature record: CXX_FEATURE:1cxx_static_assert
    Feature record: CXX_FEATURE:1cxx_strong_enums
    Feature record: CXX_FEATURE:1cxx_template_template_parameters
    Feature record: CXX_FEATURE:1cxx_thread_local
    Feature record: CXX_FEATURE:1cxx_trailing_return_types
    Feature record: CXX_FEATURE:1cxx_unicode_literals
    Feature record: CXX_FEATURE:1cxx_uniform_initialization
    Feature record: CXX_FEATURE:1cxx_unrestricted_unions
    Feature record: CXX_FEATURE:1cxx_user_literals
    Feature record: CXX_FEATURE:1cxx_variable_templates
    Feature record: CXX_FEATURE:1cxx_variadic_macros
    Feature record: CXX_FEATURE:1cxx_variadic_templates


Detecting CXX [-std=c++11] compiler features compiled with the following output:
Change Dir: /home/thecxhacker/Desktop/cpp17_workspace/ch04_smart_pointers/unique_ptr_example/cmake-build-debug/CMakeFiles/CMakeTmp

Run Build Command(s):/usr/bin/make cmTC_bb52f/fast 
/usr/bin/make -f CMakeFiles/cmTC_bb52f.dir/build.make CMakeFiles/cmTC_bb52f.dir/build
make[1]: Entering directory '/home/thecxhacker/Desktop/cpp17_workspace/ch04_smart_pointers/unique_ptr_example/cmake-build-debug/CMakeFiles/CMakeTmp'
Building CXX object CMakeFiles/cmTC_bb52f.dir/feature_tests.cxx.o
/usr/bin/c++    -std=c++11 -o CMakeFiles/cmTC_bb52f.dir/feature_tests.cxx.o -c /home/thecxhacker/Desktop/cpp17_workspace/ch04_smart_pointers/unique_ptr_example/cmake-build-debug/CMakeFiles/feature_tests.cxx
Linking CXX executable cmTC_bb52f
/home/thecxhacker/.local/share/JetBrains/Toolbox/apps/CLion/ch-0/191.7141.37/bin/cmake/linux/bin/cmake -E cmake_link_script CMakeFiles/cmTC_bb52f.dir/link.txt --verbose=1
/usr/bin/c++       CMakeFiles/cmTC_bb52f.dir/feature_tests.cxx.o  -o cmTC_bb52f 
make[1]: Leaving directory '/home/thecxhacker/Desktop/cpp17_workspace/ch04_smart_pointers/unique_ptr_example/cmake-build-debug/CMakeFiles/CMakeTmp'


    Feature record: CXX_FEATURE:0cxx_aggregate_default_initializers
    Feature record: CXX_FEATURE:1cxx_alias_templates
    Feature record: CXX_FEATURE:1cxx_alignas
    Feature record: CXX_FEATURE:1cxx_alignof
    Feature record: CXX_FEATURE:1cxx_attributes
    Feature record: CXX_FEATURE:0cxx_attribute_deprecated
    Feature record: CXX_FEATURE:1cxx_auto_type
    Feature record: CXX_FEATURE:0cxx_binary_literals
    Feature record: CXX_FEATURE:1cxx_constexpr
    Feature record: CXX_FEATURE:0cxx_contextual_conversions
    Feature record: CXX_FEATURE:1cxx_decltype
    Feature record: CXX_FEATURE:0cxx_decltype_auto
    Feature record: CXX_FEATURE:1cxx_decltype_incomplete_return_types
    Feature record: CXX_FEATURE:1cxx_default_function_template_args
    Feature record: CXX_FEATURE:1cxx_defaulted_functions
    Feature record: CXX_FEATURE:1cxx_defaulted_move_initializers
    Feature record: CXX_FEATURE:1cxx_delegating_constructors
    Feature record: CXX_FEATURE:1cxx_deleted_functions
    Feature record: CXX_FEATURE:0cxx_digit_separators
    Feature record: CXX_FEATURE:1cxx_enum_forward_declarations
    Feature record: CXX_FEATURE:1cxx_explicit_conversions
    Feature record: CXX_FEATURE:1cxx_extended_friend_declarations
    Feature record: CXX_FEATURE:1cxx_extern_templates
    Feature record: CXX_FEATURE:1cxx_final
    Feature record: CXX_FEATURE:1cxx_func_identifier
    Feature record: CXX_FEATURE:1cxx_generalized_initializers
    Feature record: CXX_FEATURE:0cxx_generic_lambdas
    Feature record: CXX_FEATURE:1cxx_inheriting_constructors
    Feature record: CXX_FEATURE:1cxx_inline_namespaces
    Feature record: CXX_FEATURE:1cxx_lambdas
    Feature record: CXX_FEATURE:0cxx_lambda_init_captures
    Feature record: CXX_FEATURE:1cxx_local_type_template_args
    Feature record: CXX_FEATURE:1cxx_long_long_type
    Feature record: CXX_FEATURE:1cxx_noexcept
    Feature record: CXX_FEATURE:1cxx_nonstatic_member_init
    Feature record: CXX_FEATURE:1cxx_nullptr
    Feature record: CXX_FEATURE:1cxx_override
    Feature record: CXX_FEATURE:1cxx_range_for
    Feature record: CXX_FEATURE:1cxx_raw_string_literals
    Feature record: CXX_FEATURE:1cxx_reference_qualified_functions
    Feature record: CXX_FEATURE:0cxx_relaxed_constexpr
    Feature record: CXX_FEATURE:0cxx_return_type_deduction
    Feature record: CXX_FEATURE:1cxx_right_angle_brackets
    Feature record: CXX_FEATURE:1cxx_rvalue_references
    Feature record: CXX_FEATURE:1cxx_sizeof_member
    Feature record: CXX_FEATURE:1cxx_static_assert
    Feature record: CXX_FEATURE:1cxx_strong_enums
    Feature record: CXX_FEATURE:1cxx_template_template_parameters
    Feature record: CXX_FEATURE:1cxx_thread_local
    Feature record: CXX_FEATURE:1cxx_trailing_return_types
    Feature record: CXX_FEATURE:1cxx_unicode_literals
    Feature record: CXX_FEATURE:1cxx_uniform_initialization
    Feature record: CXX_FEATURE:1cxx_unrestricted_unions
    Feature record: CXX_FEATURE:1cxx_user_literals
    Feature record: CXX_FEATURE:0cxx_variable_templates
    Feature record: CXX_FEATURE:1cxx_variadic_macros
    Feature record: CXX_FEATURE:1cxx_variadic_templates


Detecting CXX [-std=c++98] compiler features compiled with the following output:
Change Dir: /home/thecxhacker/Desktop/cpp17_workspace/ch04_smart_pointers/unique_ptr_example/cmake-build-debug/CMakeFiles/CMakeTmp

Run Build Command(s):/usr/bin/make cmTC_4cbb0/fast 
/usr/bin/make -f CMakeFiles/cmTC_4cbb0.dir/build.make CMakeFiles/cmTC_4cbb0.dir/build
make[1]: Entering directory '/home/thecxhacker/Desktop/cpp17_workspace/ch04_smart_pointers/unique_ptr_example/cmake-build-debug/CMakeFiles/CMakeTmp'
Building CXX object CMakeFiles/cmTC_4cbb0.dir/feature_tests.cxx.o
/usr/bin/c++    -std=c++98 -o CMakeFiles/cmTC_4cbb0.dir/feature_tests.cxx.o -c /home/thecxhacker/Desktop/cpp17_workspace/ch04_smart_pointers/unique_ptr_example/cmake-build-debug/CMakeFiles/feature_tests.cxx
Linking CXX executable cmTC_4cbb0
/home/thecxhacker/.local/share/JetBrains/Toolbox/apps/CLion/ch-0/191.7141.37/bin/cmake/linux/bin/cmake -E cmake_link_script CMakeFiles/cmTC_4cbb0.dir/link.txt --verbose=1
/usr/bin/c++       CMakeFiles/cmTC_4cbb0.dir/feature_tests.cxx.o  -o cmTC_4cbb0 
make[1]: Leaving directory '/home/thecxhacker/Desktop/cpp17_workspace/ch04_smart_pointers/unique_ptr_example/cmake-build-debug/CMakeFiles/CMakeTmp'


    Feature record: CXX_FEATURE:0cxx_aggregate_default_initializers
    Feature record: CXX_FEATURE:0cxx_alias_templates
    Feature record: CXX_FEATURE:0cxx_alignas
    Feature record: CXX_FEATURE:0cxx_alignof
    Feature record: CXX_FEATURE:0cxx_attributes
    Feature record: CXX_FEATURE:0cxx_attribute_deprecated
    Feature record: CXX_FEATURE:0cxx_auto_type
    Feature record: CXX_FEATURE:0cxx_binary_literals
    Feature record: CXX_FEATURE:0cxx_constexpr
    Feature record: CXX_FEATURE:0cxx_contextual_conversions
    Feature record: CXX_FEATURE:0cxx_decltype
    Feature record: CXX_FEATURE:0cxx_decltype_auto
    Feature record: CXX_FEATURE:0cxx_decltype_incomplete_return_types
    Feature record: CXX_FEATURE:0cxx_default_function_template_args
    Feature record: CXX_FEATURE:0cxx_defaulted_functions
    Feature record: CXX_FEATURE:0cxx_defaulted_move_initializers
    Feature record: CXX_FEATURE:0cxx_delegating_constructors
    Feature record: CXX_FEATURE:0cxx_deleted_functions
    Feature record: CXX_FEATURE:0cxx_digit_separators
    Feature record: CXX_FEATURE:0cxx_enum_forward_declarations
    Feature record: CXX_FEATURE:0cxx_explicit_conversions
    Feature record: CXX_FEATURE:0cxx_extended_friend_declarations
    Feature record: CXX_FEATURE:0cxx_extern_templates
    Feature record: CXX_FEATURE:0cxx_final
    Feature record: CXX_FEATURE:0cxx_func_identifier
    Feature record: CXX_FEATURE:0cxx_generalized_initializers
    Feature record: CXX_FEATURE:0cxx_generic_lambdas
    Feature record: CXX_FEATURE:0cxx_inheriting_constructors
    Feature record: CXX_FEATURE:0cxx_inline_namespaces
    Feature record: CXX_FEATURE:0cxx_lambdas
    Feature record: CXX_FEATURE:0cxx_lambda_init_captures
    Feature record: CXX_FEATURE:0cxx_local_type_template_args
    Feature record: CXX_FEATURE:0cxx_long_long_type
    Feature record: CXX_FEATURE:0cxx_noexcept
    Feature record: CXX_FEATURE:0cxx_nonstatic_member_init
    Feature record: CXX_FEATURE:0cxx_nullptr
    Feature record: CXX_FEATURE:0cxx_override
    Feature record: CXX_FEATURE:0cxx_range_for
    Feature record: CXX_FEATURE:0cxx_raw_string_literals
    Feature record: CXX_FEATURE:0cxx_reference_qualified_functions
    Feature record: CXX_FEATURE:0cxx_relaxed_constexpr
    Feature record: CXX_FEATURE:0cxx_return_type_deduction
    Feature record: CXX_FEATURE:0cxx_right_angle_brackets
    Feature record: CXX_FEATURE:0cxx_rvalue_references
    Feature record: CXX_FEATURE:0cxx_sizeof_member
    Feature record: CXX_FEATURE:0cxx_static_assert
    Feature record: CXX_FEATURE:0cxx_strong_enums
    Feature record: CXX_FEATURE:1cxx_template_template_parameters
    Feature record: CXX_FEATURE:0cxx_thread_local
    Feature record: CXX_FEATURE:0cxx_trailing_return_types
    Feature record: CXX_FEATURE:0cxx_unicode_literals
    Feature record: CXX_FEATURE:0cxx_uniform_initialization
    Feature record: CXX_FEATURE:0cxx_unrestricted_unions
    Feature record: CXX_FEATURE:0cxx_user_literals
    Feature record: CXX_FEATURE:0cxx_variable_templates
    Feature record: CXX_FEATURE:0cxx_variadic_macros
    Feature record: CXX_FEATURE:0cxx_variadic_templates
